-------------------------------------------------------------------------------
Test set: br.edu.infnet.rianporfirio.service.EnderecoServiceTests
-------------------------------------------------------------------------------
Tests run: 1, Failures: 0, Errors: 1, Skipped: 0, Time elapsed: 0.004 s <<< FAILURE! - in br.edu.infnet.rianporfirio.service.EnderecoServiceTests
br.edu.infnet.rianporfirio.service.EnderecoServiceTests  Time elapsed: 0.004 s  <<< ERROR!
java.lang.IllegalStateException: Unable to find a @SpringBootConfiguration, you need to use @ContextConfiguration or @SpringBootTest(classes=...) with your test

