-------------------------------------------------------------------------------
Test set: br.edu.infnet.rianporfirio.service.EscolaServiceTests
-------------------------------------------------------------------------------
Tests run: 1, Failures: 0, Errors: 1, Skipped: 0, Time elapsed: 0.021 s <<< FAILURE! - in br.edu.infnet.rianporfirio.service.EscolaServiceTests
br.edu.infnet.rianporfirio.service.EscolaServiceTests  Time elapsed: 0.021 s  <<< ERROR!
java.lang.IllegalStateException: Unable to find a @SpringBootConfiguration, you need to use @ContextConfiguration or @SpringBootTest(classes=...) with your test

