-------------------------------------------------------------------------------
Test set: br.edu.infnet.rianporfirio.domain.ProfessorTests
-------------------------------------------------------------------------------
Tests run: 1, Failures: 0, Errors: 1, Skipped: 0, Time elapsed: 0.002 s <<< FAILURE! - in br.edu.infnet.rianporfirio.domain.ProfessorTests
br.edu.infnet.rianporfirio.domain.ProfessorTests  Time elapsed: 0.002 s  <<< ERROR!
java.lang.IllegalStateException: Unable to find a @SpringBootConfiguration, you need to use @ContextConfiguration or @SpringBootTest(classes=...) with your test

